[2021-03-25T14:00:57.090Z] info Server running
[2021-03-25T15:15:10.028Z] info Server running
[2021-03-25T15:15:12.144Z] info DB connected
[2021-03-25T15:18:07.266Z] info query alumnos
[2021-03-25T16:01:53.676Z] info Server running
[2021-03-25T16:01:55.731Z] info DB connected
[2021-03-26T13:14:49.650Z] info Server running
[2021-03-26T13:14:51.940Z] info DB connected
[2021-03-26T13:15:14.868Z] info query alumnos
[2021-03-26T13:15:42.414Z] info query alumnos
[2021-03-26T13:18:59.714Z] info query alumnos
[2021-03-26T13:20:13.037Z] info query alumnos
[2021-03-26T13:26:07.610Z] info query alumnos
[2021-03-26T13:26:59.306Z] info query alumnos
[2021-03-25T15:07:24.097Z] info Server running
[2021-03-25T15:07:25.783Z] info DB connected
[2021-03-25T15:15:22.904Z] info query alumnos
[2021-03-25T15:15:50.868Z] info Server running
[2021-03-25T15:15:52.560Z] info DB connected
[2021-03-25T15:17:21.714Z] info Server running
[2021-03-25T15:17:21.865Z] info query alumnos
[2021-03-25T15:17:23.457Z] info DB connected
[2021-03-25T15:25:02.589Z] info Server running
[2021-03-25T15:25:04.282Z] info DB connected
[2021-03-25T15:26:28.494Z] info Server running
[2021-03-25T15:26:30.187Z] info DB connected
[2021-03-25T15:26:30.676Z] info query alumnos
[2021-03-25T15:39:30.477Z] info query alumnos
[2021-03-25T16:35:20.405Z] info Server running
[2021-03-25T16:35:22.079Z] info DB connected
[2021-03-25T16:35:46.597Z] info Server running
[2021-03-25T16:35:48.363Z] info DB connected
[2021-03-25T16:36:18.609Z] info Server running
[2021-03-25T16:36:20.224Z] info DB connected
[2021-03-25T16:36:30.146Z] info Server running
[2021-03-25T16:36:31.816Z] info DB connected
[2021-03-25T16:36:38.721Z] info Server running
[2021-03-25T16:36:40.373Z] info DB connected
[2021-03-25T17:10:29.538Z] info Server running
[2021-03-25T17:10:31.187Z] info DB connected
[2021-03-25T17:12:52.482Z] info Server running
[2021-03-25T17:12:54.193Z] info DB connected
[2021-03-25T17:42:18.378Z] info Server running
[2021-03-25T17:42:20.100Z] info DB connected
[2021-03-25T17:43:02.376Z] info query alumnos
[2021-03-25T17:43:44.887Z] info Server running
[2021-03-25T17:43:46.538Z] info DB connected
[2021-03-25T17:47:19.052Z] info Server running
[2021-03-25T17:47:20.760Z] info DB connected
[2021-03-25T17:47:37.222Z] info Server running
[2021-03-25T17:47:38.828Z] info DB connected
[2021-03-25T20:42:52.436Z] info Server running
[2021-03-25T20:42:56.114Z] info Server running
[2021-03-25T20:42:57.729Z] info DB connected
[2021-03-25T20:43:13.941Z] info query alumnos
[2021-03-25T20:47:02.674Z] info Server running
[2021-03-25T20:47:04.322Z] info DB connected
[2021-03-25T20:49:10.576Z] info Server running
[2021-03-25T20:49:12.249Z] info DB connected
[2021-03-25T20:50:17.243Z] info Server running
[2021-03-25T20:50:18.912Z] info DB connected
[2021-03-25T20:50:26.636Z] info query alumnos
[2021-03-25T20:53:09.738Z] info Server running
[2021-03-25T20:53:11.396Z] info DB connected
[2021-03-25T20:53:23.678Z] info query alumnos
[2021-03-25T20:53:51.947Z] info Server running
[2021-03-25T20:53:53.579Z] info DB connected
[2021-03-25T20:56:34.649Z] info query alumnos
[2021-03-25T20:58:21.675Z] info Server running
[2021-03-25T20:58:23.298Z] info DB connected
[2021-03-25T21:46:13.486Z] info Server running
[2021-03-25T21:46:15.153Z] info DB connected
[2021-03-25T21:49:24.556Z] info query alumnos
[2021-03-25T22:03:16.205Z] info Server running
[2021-03-25T22:03:17.840Z] info DB connected
[2021-03-25T22:05:29.719Z] info query alumnos
[2021-03-25T22:05:52.989Z] info query alumnos
[2021-03-25T22:06:24.979Z] info query alumnos
[2021-03-25T22:09:11.253Z] info query alumnos
[2021-03-26T13:14:43.527Z] info Server running
[2021-03-26T13:14:45.223Z] info DB connected
[2021-03-26T13:16:42.049Z] info query alumnos
[2021-03-26T13:20:01.767Z] info Server running
[2021-03-26T13:20:03.476Z] info DB connected
[2021-03-26T13:20:12.718Z] info query alumnos
[2021-03-26T13:22:35.908Z] info Server running
[2021-03-26T13:22:37.597Z] info DB connected
[2021-03-26T13:26:51.849Z] info query alumnos
[2021-03-26T13:30:55.035Z] info Server running
[2021-03-26T13:30:56.803Z] info DB connected
[2021-03-26T13:30:57.672Z] info query alumnos
[2021-03-26T13:32:30.953Z] info query alumnos
[2021-03-26T13:33:09.001Z] info Server running
[2021-03-26T13:33:10.789Z] info DB connected
[2021-03-26T13:40:12.543Z] info query alumnos
[2021-03-26T13:42:15.731Z] info query alumnos
[2021-03-26T13:43:57.953Z] info query alumnos
[2021-03-26T13:45:18.662Z] info query alumnos
[2021-03-26T13:48:20.396Z] info query alumnos
[2021-03-26T13:50:33.593Z] info query alumnos
[2021-03-26T13:52:06.413Z] info Server running
[2021-03-26T13:52:08.109Z] info DB connected
[2021-03-26T14:09:07.948Z] info Server running
[2021-03-26T14:09:09.598Z] info DB connected
[2021-03-26T14:12:21.047Z] info query alumnos
[2021-03-26T14:13:38.042Z] info Server running
[2021-03-26T14:13:39.885Z] info DB connected
[2021-03-26T14:14:02.177Z] info query alumnos
[2021-03-26T17:15:48.855Z] info Server running
[2021-03-26T17:15:50.516Z] info DB connected
[2021-03-26T17:15:57.639Z] info query alumnos
[2021-03-26T17:16:19.583Z] info Server running
[2021-03-26T17:16:21.227Z] info DB connected
[2021-03-26T17:17:17.202Z] info query alumnos
[2021-03-26T17:18:52.792Z] info query alumnos
[2021-03-26T17:19:24.591Z] info query alumnos
[2021-03-26T17:58:31.566Z] info Server running
[2021-03-26T17:58:33.409Z] info DB connected
[2021-03-26T17:58:52.746Z] info query alumnos
[2021-03-26T18:00:45.301Z] info query alumnos
[2021-03-26T18:06:43.945Z] info query alumnos
[2021-03-26T21:16:05.188Z] info query alumnos
[2021-03-26T21:18:03.438Z] info Server running
[2021-03-26T21:18:05.300Z] info DB connected
[2021-03-26T21:18:27.311Z] info query alumnos
[2021-03-26T21:19:19.411Z] info Server running
[2021-03-26T21:19:21.089Z] info DB connected
[2021-03-26T21:19:53.098Z] info query alumnos
[2021-03-26T21:21:26.069Z] info query alumnos
[2021-03-26T21:36:05.419Z] info query alumnos
[2021-03-26T21:46:36.013Z] info Server running
[2021-03-26T21:46:37.661Z] info DB connected
[2021-03-26T21:48:56.407Z] info query alumnos
[2021-03-26T21:50:08.930Z] info Server running
[2021-03-26T21:50:10.581Z] info DB connected
[2021-03-26T22:07:21.301Z] info Server running
[2021-03-26T22:07:22.914Z] info DB connected
[2021-03-26T22:08:50.967Z] info Server running
[2021-03-26T22:08:52.612Z] info DB connected
[2021-03-26T22:19:57.962Z] info Server running
[2021-03-26T22:19:59.616Z] info DB connected
[2021-03-26T22:20:46.584Z] info query alumnos
[2021-03-26T22:21:53.171Z] info Server running
[2021-03-26T22:21:54.841Z] info DB connected
[2021-03-26T22:22:28.860Z] info Server running
[2021-03-26T22:22:30.478Z] info DB connected
[2021-03-26T22:25:52.274Z] info Server running
[2021-03-26T22:25:53.900Z] info DB connected
[2021-03-26T22:27:33.366Z] info Server running
[2021-03-26T22:27:35.013Z] info DB connected
[2021-03-26T22:27:56.560Z] info Server running
[2021-03-26T22:27:58.346Z] info DB connected
[2021-03-26T22:29:19.987Z] info Server running
[2021-03-26T22:29:21.642Z] info DB connected
[2021-03-26T23:05:59.393Z] info Server running
[2021-03-26T23:06:01.086Z] info DB connected
[2021-03-27T01:59:10.272Z] info query alumnos
[2021-03-27T02:08:56.175Z] info Server running
[2021-03-27T02:08:57.348Z] info query alumnos
[2021-03-27T02:08:57.894Z] info DB connected
[2021-03-27T02:10:55.058Z] info Server running
[2021-03-27T02:10:56.684Z] info DB connected
[2021-03-27T02:12:17.202Z] info Server running
[2021-03-27T02:12:18.944Z] info DB connected
[2021-03-28T14:18:08.294Z] [32minfo[39m Server running
[2021-03-28T14:18:10.381Z] [32minfo[39m DB connected
[2021-03-28T20:36:37.724Z] [32minfo[39m Server running
[2021-03-28T20:36:39.997Z] [32minfo[39m DB connected
[2021-03-28T20:39:33.195Z] [32minfo[39m Server running
[2021-03-28T20:39:35.453Z] [32minfo[39m DB connected
[2021-03-28T21:08:32.639Z] [32minfo[39m query alumnos
[2021-03-28T21:09:46.771Z] [32minfo[39m query alumnos
[2021-03-28T21:10:02.443Z] [32minfo[39m query alumnos
[2021-03-28T21:55:59.822Z] [32minfo[39m query alumnos
[2021-03-29T00:28:58.972Z] [32minfo[39m Server running
[2021-03-29T00:29:01.481Z] [32minfo[39m DB connected
[2021-03-29T00:29:03.898Z] [32minfo[39m Server running
[2021-03-29T00:29:05.921Z] [32minfo[39m DB connected
[2021-03-29T00:31:22.329Z] [32minfo[39m Server running
[2021-03-29T00:31:24.390Z] [32minfo[39m DB connected
[2021-03-29T11:26:51.487Z] [32minfo[39m Server running
[2021-03-29T11:39:32.854Z] [32minfo[39m usuario creado
[2021-03-29T11:40:47.242Z] [32minfo[39m usuario creado
[2021-03-29T11:42:16.534Z] [32minfo[39m usuario creado
[2021-03-29T11:45:03.470Z] [32minfo[39m usuario creado
[2021-03-29T11:46:44.024Z] [32minfo[39m query alumnos
[2021-03-29T12:36:56.386Z] [32minfo[39m query alumnos
[2021-03-29T12:43:37.278Z] [32minfo[39m query alumnos
[2021-03-29T12:45:00.628Z] [32minfo[39m query alumnos
[2021-03-29T12:45:39.199Z] [32minfo[39m usuario creado
[2021-03-29T13:37:30.624Z] [32minfo[39m Server running
[2021-03-29T13:37:32.856Z] [32minfo[39m DB connected
[2021-03-29T13:48:27.108Z] [32minfo[39m Server running
[2021-03-29T13:48:29.374Z] [32minfo[39m DB connected
[2021-03-29T13:52:53.917Z] [32minfo[39m Server running
[2021-03-29T13:52:56.010Z] [32minfo[39m DB connected
[2021-03-29T13:55:21.040Z] [32minfo[39m Server running
[2021-03-29T13:55:23.152Z] [32minfo[39m DB connected
[2021-03-29T13:57:20.018Z] [32minfo[39m query alumnos
[2021-03-29T14:34:04.630Z] [32minfo[39m query alumnos
[2021-03-29T14:34:19.980Z] [32minfo[39m query alumnos
[2021-03-29T14:35:49.685Z] [32minfo[39m query alumnos
[2021-03-29T14:37:46.175Z] [32minfo[39m query alumnos
[2021-03-29T14:38:50.261Z] [32minfo[39m query alumnos
[2021-03-29T15:40:13.837Z] [32minfo[39m usuario creado
[2021-03-29T15:40:26.524Z] [32minfo[39m query alumnos
[2021-03-29T15:50:34.211Z] [32minfo[39m query alumnos
[2021-03-29T15:54:26.637Z] [32minfo[39m query alumnos
[2021-03-29T16:03:52.543Z] [32minfo[39m query alumnos
[2021-03-29T16:08:45.031Z] [32minfo[39m query alumnos
[2021-04-02T16:15:44.964Z] [32minfo[39m Server running
[2021-04-02T16:15:46.746Z] [32minfo[39m DB connected
[2021-04-02T16:25:50.048Z] [32minfo[39m usuario creado
[2021-04-02T16:26:43.727Z] [32minfo[39m usuario creado
[2021-04-02T16:26:43.906Z] [32minfo[39m query alumnos
[2021-04-02T16:27:16.193Z] [32minfo[39m query alumnos
[2021-04-02T16:27:53.729Z] [32minfo[39m query alumnos
[2021-04-02T16:31:43.196Z] [32minfo[39m query alumnos
[2021-04-02T16:53:45.452Z] [32minfo[39m query alumnos
[2021-04-02T16:59:54.007Z] [32minfo[39m query alumnos
[2021-04-02T17:02:35.789Z] [32minfo[39m query alumnos
[2021-04-02T17:03:36.499Z] [32minfo[39m query alumnos
[2021-04-02T17:08:55.801Z] [32minfo[39m query alumnos
[2021-04-02T18:13:21.520Z] [32minfo[39m Server running
[2021-04-02T18:13:29.022Z] [32minfo[39m DB connected
[2021-04-02T18:13:53.598Z] [32minfo[39m usuario creado
[2021-04-02T18:14:13.473Z] [32minfo[39m usuario creado
[2021-04-02T18:14:13.577Z] [32minfo[39m query alumnos
[2021-04-02T18:16:25.662Z] [32minfo[39m query alumnos
[2021-04-02T18:16:46.464Z] [32minfo[39m query alumnos
[2021-04-02T18:25:20.292Z] [32minfo[39m usuario creado
[2021-04-02T18:26:21.290Z] [32minfo[39m usuario creado
[2021-04-02T18:26:41.303Z] [32minfo[39m usuario creado
[2021-04-02T18:28:33.698Z] [32minfo[39m query alumnos
[2021-04-02T23:00:36.209Z] [32minfo[39m usuario creado
[2021-04-02T23:00:36.272Z] [32minfo[39m query alumnos
[2021-04-02T23:00:54.285Z] [32minfo[39m query alumnos
[2021-04-02T23:01:10.505Z] [32minfo[39m query alumnos
[2021-04-02T23:01:34.679Z] [32minfo[39m query alumnos
[2021-04-02T23:02:14.748Z] [32minfo[39m query alumnos
[2021-04-02T23:02:22.902Z] [32minfo[39m query alumnos
[2021-04-02T23:02:42.006Z] [32minfo[39m query alumnos
[2021-04-02T23:13:12.517Z] [32minfo[39m usuario creado
[2021-04-02T23:13:12.579Z] [32minfo[39m query alumnos
[2021-04-02T23:13:22.820Z] [32minfo[39m query alumnos
[2021-04-02T23:44:39.027Z] [32minfo[39m query alumnos
[2021-04-03T02:59:13.455Z] [32minfo[39m Server running
[2021-04-03T02:59:17.032Z] [32minfo[39m DB connected
[2021-04-03T03:05:01.343Z] [32minfo[39m usuario creado
[2021-04-03T03:05:01.513Z] [32minfo[39m query alumnos
[2021-04-03T21:28:41.113Z] [32minfo[39m Server running
[2021-04-03T21:28:43.219Z] [32minfo[39m DB connected
[2021-04-04T02:02:53.590Z] [32minfo[39m Server running
[2021-04-04T02:02:56.030Z] [32minfo[39m DB connected
[2021-04-04T18:44:52.463Z] [32minfo[39m Server running
[2021-04-04T18:44:55.814Z] [32minfo[39m DB connected
[2021-04-05T00:54:09.437Z] [32minfo[39m Server running
[2021-04-05T00:54:11.359Z] [32minfo[39m DB connected
